<?xml version="1.0" encoding="UTF-8"?>
<testsuite xmlns:xsi="http://www.w3.org/2001/XMLSchema-instance" xsi:noNamespaceSchemaLocation="https://maven.apache.org/surefire/maven-surefire-plugin/xsd/surefire-test-report.xsd" version="3.0.2" name="com.cuenta.contador.MyResourceTest" time="1.965" tests="1" errors="0" skipped="0" failures="0">
  <properties>
[...]
</properties>
  <testcase name="testGetIt" classname="com.cuenta.contador.MyResourceTest" time="1.937">
    <system-out><![CDATA[Migrating...
]]></system-out>
    <system-err><![CDATA[Jan 12, 2025 5:03:57 PM org.flywaydb.core.FlywayExecutor execute
INFO: Database: jdbc:mysql://localhost:3306/contadordb (MySQL 9.1)
Jan 12, 2025 5:03:57 PM org.flywaydb.core.internal.database.base.Database recommendFlywayUpgrade
WARNING: Flyway upgrade recommended: MySQL 9.1 is newer than this version of Flyway and support has not been tested. The latest supported version of MySQL is 8.1.
Jan 12, 2025 5:03:57 PM org.flywaydb.core.internal.command.DbValidate validate
INFO: Successfully validated 5 migrations (execution time 00:00.043s)
Jan 12, 2025 5:03:57 PM org.flywaydb.core.internal.command.DbMigrate migrateGroup
INFO: Current version of schema `contadordb`: 1.1.5
Jan 12, 2025 5:03:57 PM org.flywaydb.core.internal.command.DbMigrate logSummary
INFO: Schema `contadordb` is up to date. No migration necessary.
Jan 12, 2025 5:03:57 PM org.glassfish.jersey.message.internal.MessagingBinders$EnabledProvidersBinder bindToBinder
WARNING: A class javax.activation.DataSource for a default provider MessageBodyWriter<javax.activation.DataSource> was not found. The provider is not available.
Jan 12, 2025 5:03:57 PM org.glassfish.jersey.server.wadl.WadlFeature configure
WARNING: JAX-B API not found . WADL feature is disabled.
Jan 12, 2025 5:03:58 PM org.glassfish.grizzly.http.server.NetworkListener start
INFO: Started listener bound to [localhost:8080]
Jan 12, 2025 5:03:58 PM org.glassfish.grizzly.http.server.HttpServer start
INFO: [HttpServer] Started.
Jan 12, 2025 5:03:58 PM org.glassfish.grizzly.http.server.NetworkListener shutdownNow
INFO: Stopped listener bound to [localhost:8080]
]]></system-err>
  </testcase>
</testsuite>